STATUS | wrapper  | 2017/06/26 19:42:13 | --> Wrapper Started as Console
STATUS | wrapper  | 2017/06/26 19:42:14 | Launching a JVM...
INFO   | jvm 1    | 2017/06/26 19:42:15 | Wrapper (Version 3.2.3) http://wrapper.tanukisoftware.org
INFO   | jvm 1    | 2017/06/26 19:42:15 |   Copyright 1999-2006 Tanuki Software, Inc.  All Rights Reserved.
INFO   | jvm 1    | 2017/06/26 19:42:15 | 
INFO   | jvm 1    | 2017/06/26 19:42:15 | Java Runtime: Oracle Corporation 1.8.0_131 C:\Program Files\Java\jre1.8.0_131
INFO   | jvm 1    | 2017/06/26 19:42:15 |   Heap sizes: current=125952k  free=115827k  max=932352k
INFO   | jvm 1    | 2017/06/26 19:42:15 |     JVM args: -Dactivemq.home=../.. -Dactivemq.base=../.. -Djavax.net.ssl.keyStorePassword=password -Djavax.net.ssl.trustStorePassword=password -Djavax.net.ssl.keyStore=../../conf/broker.ks -Djavax.net.ssl.trustStore=../../conf/broker.ts -Dcom.sun.management.jmxremote -Dorg.apache.activemq.UseDedicatedTaskRunner=true -Djava.util.logging.config.file=logging.properties -Dactivemq.conf=../../conf -Dactivemq.data=../../data -Djava.security.auth.login.config=../../conf/login.config -Xmx1024m -Djava.library.path=../../bin/win64 -Dwrapper.key=zCwV8C2DoSLGYYLC -Dwrapper.port=32000 -Dwrapper.jvm.port.min=31000 -Dwrapper.jvm.port.max=31999 -Dwrapper.pid=9188 -Dwrapper.version=3.2.3 -Dwrapper.native_library=wrapper -Dwrapper.cpu.timeout=10 -Dwrapper.jvmid=1
INFO   | jvm 1    | 2017/06/26 19:42:15 | Extensions classpath:
INFO   | jvm 1    | 2017/06/26 19:42:15 |   [..\..\lib,..\..\lib\camel,..\..\lib\optional,..\..\lib\web,..\..\lib\extra]
INFO   | jvm 1    | 2017/06/26 19:42:15 | ACTIVEMQ_HOME: ..\..
INFO   | jvm 1    | 2017/06/26 19:42:15 | ACTIVEMQ_BASE: ..\..
INFO   | jvm 1    | 2017/06/26 19:42:15 | ACTIVEMQ_CONF: ..\..\conf
INFO   | jvm 1    | 2017/06/26 19:42:15 | ACTIVEMQ_DATA: ..\..\data
INFO   | jvm 1    | 2017/06/26 19:42:15 | Loading message broker from: xbean:activemq.xml
INFO   | jvm 1    | 2017/06/26 19:42:16 |  INFO | Refreshing org.apache.activemq.xbean.XBeanBrokerFactory$1@1808f624: startup date [Mon Jun 26 19:42:15 KST 2017]; root of context hierarchy
INFO   | jvm 1    | 2017/06/26 19:42:17 |  INFO | Using Persistence Adapter: KahaDBPersistenceAdapter[D:\Developer\source\lib\apache-activemq-5.14.5-bin\bin\win64\..\..\data\kahadb]
INFO   | jvm 1    | 2017/06/26 19:42:18 |  INFO | PListStore:[D:\Developer\source\lib\apache-activemq-5.14.5-bin\bin\win64\..\..\data\localhost\tmp_storage] started
INFO   | jvm 1    | 2017/06/26 19:42:18 |  INFO | Apache ActiveMQ 5.14.5 (localhost, ID:DESKTOP-3VGIO7Q-2923-1498473738063-0:1) is starting
INFO   | jvm 1    | 2017/06/26 19:42:18 |  INFO | Listening for connections at: tcp://DESKTOP-3VGIO7Q:61616?maximumConnections=1000&wireFormat.maxFrameSize=104857600
INFO   | jvm 1    | 2017/06/26 19:42:18 |  INFO | Connector openwire started
INFO   | jvm 1    | 2017/06/26 19:42:18 |  INFO | Listening for connections at: amqp://DESKTOP-3VGIO7Q:5672?maximumConnections=1000&wireFormat.maxFrameSize=104857600
INFO   | jvm 1    | 2017/06/26 19:42:18 |  INFO | Connector amqp started
INFO   | jvm 1    | 2017/06/26 19:42:18 |  INFO | Listening for connections at: stomp://DESKTOP-3VGIO7Q:61613?maximumConnections=1000&wireFormat.maxFrameSize=104857600
INFO   | jvm 1    | 2017/06/26 19:42:18 |  INFO | Connector stomp started
INFO   | jvm 1    | 2017/06/26 19:42:18 |  INFO | Listening for connections at: mqtt://DESKTOP-3VGIO7Q:1883?maximumConnections=1000&wireFormat.maxFrameSize=104857600
INFO   | jvm 1    | 2017/06/26 19:42:18 |  INFO | Connector mqtt started
INFO   | jvm 1    | 2017/06/26 19:42:18 |  WARN | ServletContext@o.e.j.s.ServletContextHandler@17f14710{/,null,STARTING} has uncovered http methods for path: /
INFO   | jvm 1    | 2017/06/26 19:42:18 |  INFO | Listening for connections at ws://DESKTOP-3VGIO7Q:61614?maximumConnections=1000&wireFormat.maxFrameSize=104857600
INFO   | jvm 1    | 2017/06/26 19:42:18 |  INFO | Connector ws started
INFO   | jvm 1    | 2017/06/26 19:42:18 |  INFO | Apache ActiveMQ 5.14.5 (localhost, ID:DESKTOP-3VGIO7Q-2923-1498473738063-0:1) started
INFO   | jvm 1    | 2017/06/26 19:42:18 |  INFO | For help or more information please see: http://activemq.apache.org
INFO   | jvm 1    | 2017/06/26 19:42:18 |  WARN | Store limit is 102400 mb (current store usage is 0 mb). The data directory: D:\Developer\source\lib\apache-activemq-5.14.5-bin\bin\win64\..\..\data\kahadb only has 8282 mb of usable space. - resetting to maximum available disk space: 8282 mb
INFO   | jvm 1    | 2017/06/26 19:42:18 |  WARN | Temporary Store limit is 51200 mb (current store usage is 0 mb). The data directory: D:\Developer\source\lib\apache-activemq-5.14.5-bin\bin\win64\..\..\data only has 8282 mb of usable space. - resetting to maximum available disk space: 8282 mb
INFO   | jvm 1    | 2017/06/26 19:42:19 |  INFO | No Spring WebApplicationInitializer types detected on classpath
INFO   | jvm 1    | 2017/06/26 19:42:20 |  INFO | ActiveMQ WebConsole available at http://0.0.0.0:8161/
INFO   | jvm 1    | 2017/06/26 19:42:20 |  INFO | ActiveMQ Jolokia REST API available at http://0.0.0.0:8161/api/jolokia/
INFO   | jvm 1    | 2017/06/26 19:42:20 |  INFO | Initializing Spring FrameworkServlet 'dispatcher'
INFO   | jvm 1    | 2017/06/26 19:42:21 |  INFO | No Spring WebApplicationInitializer types detected on classpath
INFO   | jvm 1    | 2017/06/26 19:42:22 |  INFO | jolokia-agent: Using policy access restrictor classpath:/jolokia-access.xml
INFO   | jvm 1    | 2017/06/26 19:55:19 |  WARN | Transport Connection to: tcp://127.0.0.1:3080 failed: java.net.SocketException: Connection reset
INFO   | jvm 1    | 2017/06/26 19:55:19 |  WARN | Transport Connection to: tcp://127.0.0.1:3079 failed: java.net.SocketException: Connection reset
INFO   | jvm 1    | 2017/06/26 20:00:20 |  WARN | Transport Connection to: tcp://127.0.0.1:3128 failed: java.net.SocketException: Connection reset
INFO   | jvm 1    | 2017/06/26 20:00:20 |  WARN | Transport Connection to: tcp://127.0.0.1:3129 failed: java.net.SocketException: Connection reset
INFO   | jvm 1    | 2017/06/26 20:00:22 |  WARN | Transport Connection to: tcp://127.0.0.1:3159 failed: java.net.SocketException: Connection reset
INFO   | jvm 1    | 2017/06/26 20:00:22 |  WARN | Transport Connection to: tcp://127.0.0.1:3160 failed: java.net.SocketException: Connection reset
STATUS | wrapper  | 2017/06/27 18:50:44 | --> Wrapper Started as Console
STATUS | wrapper  | 2017/06/27 18:50:45 | Launching a JVM...
INFO   | jvm 1    | 2017/06/27 18:50:46 | Wrapper (Version 3.2.3) http://wrapper.tanukisoftware.org
INFO   | jvm 1    | 2017/06/27 18:50:46 |   Copyright 1999-2006 Tanuki Software, Inc.  All Rights Reserved.
INFO   | jvm 1    | 2017/06/27 18:50:46 | 
INFO   | jvm 1    | 2017/06/27 18:50:46 | Java Runtime: Oracle Corporation 1.8.0_131 C:\Program Files\Java\jre1.8.0_131
INFO   | jvm 1    | 2017/06/27 18:50:46 |   Heap sizes: current=125952k  free=115909k  max=932352k
INFO   | jvm 1    | 2017/06/27 18:50:46 |     JVM args: -Dactivemq.home=../.. -Dactivemq.base=../.. -Djavax.net.ssl.keyStorePassword=password -Djavax.net.ssl.trustStorePassword=password -Djavax.net.ssl.keyStore=../../conf/broker.ks -Djavax.net.ssl.trustStore=../../conf/broker.ts -Dcom.sun.management.jmxremote -Dorg.apache.activemq.UseDedicatedTaskRunner=true -Djava.util.logging.config.file=logging.properties -Dactivemq.conf=../../conf -Dactivemq.data=../../data -Djava.security.auth.login.config=../../conf/login.config -Xmx1024m -Djava.library.path=../../bin/win64 -Dwrapper.key=YP1du7uTJgGhAYvJ -Dwrapper.port=32000 -Dwrapper.jvm.port.min=31000 -Dwrapper.jvm.port.max=31999 -Dwrapper.pid=5604 -Dwrapper.version=3.2.3 -Dwrapper.native_library=wrapper -Dwrapper.cpu.timeout=10 -Dwrapper.jvmid=1
INFO   | jvm 1    | 2017/06/27 18:50:46 | Extensions classpath:
INFO   | jvm 1    | 2017/06/27 18:50:46 |   [..\..\lib,..\..\lib\camel,..\..\lib\optional,..\..\lib\web,..\..\lib\extra]
INFO   | jvm 1    | 2017/06/27 18:50:46 | ACTIVEMQ_HOME: ..\..
INFO   | jvm 1    | 2017/06/27 18:50:46 | ACTIVEMQ_BASE: ..\..
INFO   | jvm 1    | 2017/06/27 18:50:46 | ACTIVEMQ_CONF: ..\..\conf
INFO   | jvm 1    | 2017/06/27 18:50:46 | ACTIVEMQ_DATA: ..\..\data
INFO   | jvm 1    | 2017/06/27 18:50:47 | Loading message broker from: xbean:activemq.xml
INFO   | jvm 1    | 2017/06/27 18:50:47 |  INFO | Refreshing org.apache.activemq.xbean.XBeanBrokerFactory$1@1808f624: startup date [Tue Jun 27 18:50:47 KST 2017]; root of context hierarchy
INFO   | jvm 1    | 2017/06/27 18:50:48 |  INFO | Using Persistence Adapter: KahaDBPersistenceAdapter[D:\Developer\source\lib\apache-activemq-5.14.5-bin\bin\win64\..\..\data\kahadb]
INFO   | jvm 1    | 2017/06/27 18:50:48 |  INFO | KahaDB is version 6
INFO   | jvm 1    | 2017/06/27 18:50:48 |  INFO | Recovering from the journal @1:503
INFO   | jvm 1    | 2017/06/27 18:50:48 |  INFO | Recovery replayed 1072 operations from the journal in 0.051 seconds.
INFO   | jvm 1    | 2017/06/27 18:50:48 |  INFO | PListStore:[D:\Developer\source\lib\apache-activemq-5.14.5-bin\bin\win64\..\..\data\localhost\tmp_storage] started
INFO   | jvm 1    | 2017/06/27 18:50:49 |  INFO | Apache ActiveMQ 5.14.5 (localhost, ID:DESKTOP-3VGIO7Q-9059-1498557048795-0:1) is starting
INFO   | jvm 1    | 2017/06/27 18:50:49 |  INFO | Listening for connections at: tcp://DESKTOP-3VGIO7Q:61616?maximumConnections=1000&wireFormat.maxFrameSize=104857600
INFO   | jvm 1    | 2017/06/27 18:50:49 |  INFO | Connector openwire started
INFO   | jvm 1    | 2017/06/27 18:50:49 |  INFO | Listening for connections at: amqp://DESKTOP-3VGIO7Q:5672?maximumConnections=1000&wireFormat.maxFrameSize=104857600
INFO   | jvm 1    | 2017/06/27 18:50:49 |  INFO | Connector amqp started
INFO   | jvm 1    | 2017/06/27 18:50:49 |  INFO | Listening for connections at: stomp://DESKTOP-3VGIO7Q:61613?maximumConnections=1000&wireFormat.maxFrameSize=104857600
INFO   | jvm 1    | 2017/06/27 18:50:49 |  INFO | Connector stomp started
INFO   | jvm 1    | 2017/06/27 18:50:49 |  INFO | Listening for connections at: mqtt://DESKTOP-3VGIO7Q:1883?maximumConnections=1000&wireFormat.maxFrameSize=104857600
INFO   | jvm 1    | 2017/06/27 18:50:49 |  INFO | Connector mqtt started
INFO   | jvm 1    | 2017/06/27 18:50:49 |  WARN | ServletContext@o.e.j.s.ServletContextHandler@752c8488{/,null,STARTING} has uncovered http methods for path: /
INFO   | jvm 1    | 2017/06/27 18:50:49 |  INFO | Listening for connections at ws://DESKTOP-3VGIO7Q:61614?maximumConnections=1000&wireFormat.maxFrameSize=104857600
INFO   | jvm 1    | 2017/06/27 18:50:49 |  INFO | Connector ws started
INFO   | jvm 1    | 2017/06/27 18:50:49 |  INFO | Apache ActiveMQ 5.14.5 (localhost, ID:DESKTOP-3VGIO7Q-9059-1498557048795-0:1) started
INFO   | jvm 1    | 2017/06/27 18:50:49 |  INFO | For help or more information please see: http://activemq.apache.org
INFO   | jvm 1    | 2017/06/27 18:50:49 |  WARN | Store limit is 102400 mb (current store usage is 0 mb). The data directory: D:\Developer\source\lib\apache-activemq-5.14.5-bin\bin\win64\..\..\data\kahadb only has 14605 mb of usable space. - resetting to maximum available disk space: 14605 mb
INFO   | jvm 1    | 2017/06/27 18:50:49 |  WARN | Temporary Store limit is 51200 mb (current store usage is 0 mb). The data directory: D:\Developer\source\lib\apache-activemq-5.14.5-bin\bin\win64\..\..\data only has 14604 mb of usable space. - resetting to maximum available disk space: 14604 mb
INFO   | jvm 1    | 2017/06/27 18:50:50 |  INFO | No Spring WebApplicationInitializer types detected on classpath
INFO   | jvm 1    | 2017/06/27 18:50:50 |  INFO | ActiveMQ WebConsole available at http://0.0.0.0:8161/
INFO   | jvm 1    | 2017/06/27 18:50:50 |  INFO | ActiveMQ Jolokia REST API available at http://0.0.0.0:8161/api/jolokia/
INFO   | jvm 1    | 2017/06/27 18:50:50 |  INFO | Initializing Spring FrameworkServlet 'dispatcher'
INFO   | jvm 1    | 2017/06/27 18:50:50 |  INFO | No Spring WebApplicationInitializer types detected on classpath
INFO   | jvm 1    | 2017/06/27 18:50:51 |  INFO | jolokia-agent: Using policy access restrictor classpath:/jolokia-access.xml
